nohup: 忽略输入
WARNING:root:You are using an untested version of z3. 4.8.13 is the officially tested version
INFO:root:Compiling solidity...
incomplete push instruction at 20879
incomplete push instruction at 73
incomplete push instruction at 73
incomplete push instruction at 69
INFO:root:contract:dataset/0x1dfe7Ca09e99d10835Bf73044a23B73Fc20623DF/0x1dfe7Ca09e99d10835Bf73044a23B73Fc20623DF.sol:TemporalLoot
INFO:root:contract dataset/0x1dfe7Ca09e99d10835Bf73044a23B73Fc20623DF/0x1dfe7Ca09e99d10835Bf73044a23B73Fc20623DF.sol:TemporalLoot:
INFO:cfg_builder.sym_exec:	============ Results of dataset/0x1dfe7Ca09e99d10835Bf73044a23B73Fc20623DF/0x1dfe7Ca09e99d10835Bf73044a23B73Fc20623DF.sol:TemporalLoot===========
INFO:root:Building CFG...
                            NFTGuard GENESIS v0.0.1                             
┏━━━━━━━━━━━━━━━━━━━━━━━━━━━━━━━━━━━━━━┳━━━━━━━━━━━━━━━━━━━━━━━━━━━━━━━━━━━━━━━┓
┃           Defect Detection           ┃           Execution States            ┃
┡━━━━━━━━━━━━━━━━━━━━━━━━━━━━━━━━━━━━━━╇━━━━━━━━━━━━━━━━━━━━━━━━━━━━━━━━━━━━━━━┩
│ ┏━━━━━━━━━━━━━━━━━━━━━━┳━━━━━┳━━━━━┓ │ ┏━━━━━━━┳━━━━━━━━━━━━━┳━━━━━━━━━━━━━┓ │
│ ┃               Defect ┃ St… ┃ Lo… ┃ │ ┃ Time  ┃ Code Cover… ┃ Block Cove… ┃ │
│ ┡━━━━━━━━━━━━━━━━━━━━━━╇━━━━━╇━━━━━┩ │ ┡━━━━━━━╇━━━━━━━━━━━━━╇━━━━━━━━━━━━━┩ │
│ │  Risky Mutable Proxy │ Fa… │     │ │ │ 599.1 │ 5.2         │ 6.0         │ │
│ │   ERC-721 Reentrancy │ Fa… │     │ │ └───────┴─────────────┴─────────────┘ │
│ │    Unlimited Minting │ Fa… │     │ │ ┏━━━━━━━┳━━━━━━━━┳━━━━━━━━━━━━━━━━━━━ │
│ │ Missing Requirements │ Fa… │     │ │ ┃ PC    ┃ Opcode ┃ Current Function   │
│ │          Public Burn │ Fa… │     │ │ ┡━━━━━━━╇━━━━━━━━╇━━━━━━━━━━━━━━━━━━━ │
│ └──────────────────────┴─────┴─────┘ │ │ 13884 │ MSTORE │ name               │
│                                      │ └───────┴────────┴─────────────────── │
└──────────────────────────────────────┴───────────────────────────────────────┘                          NFTGuard GENESIS v0.0.1                           
┏━━━━━━━━━━━━━━━━━━━━━━━━━━━━━━━━━━━━━━━━━━━━━━┳━━━━━━━━━━━━━━━━━━━━━━━━━━━┓
┃               Defect Detection               ┃     Execution States      ┃
┡━━━━━━━━━━━━━━━━━━━━━━━━━━━━━━━━━━━━━━━━━━━━━━╇━━━━━━━━━━━━━━━━━━━━━━━━━━━┩
│ ┏━━━━━━━━━━━━━━━━━━━━━━┳━━━━━━━━┳━━━━━━━━━━┓ │ ┏━━━━━━━┳━━━━━━━━━━━━━━━┓ │
│ ┃               Defect ┃ Status ┃ Location ┃ │ ┃ Time  ┃ Code Coverage ┃ │
│ ┡━━━━━━━━━━━━━━━━━━━━━━╇━━━━━━━━╇━━━━━━━━━━┩ │ ┡━━━━━━━╇━━━━━━━━━━━━━━━┩ │
│ │  Risky Mutable Proxy │ False  │          │ │ │ 601.1 │ 5.2           │ │
│ │   ERC-721 Reentrancy │ False  │          │ │ └───────┴───────────────┘ │
│ │    Unlimited Minting │ False  │          │ │ ┏━━━━━━━━━━━━━━━━━━━━━━┓  │
│ │ Missing Requirements │ False  │          │ │ ┃ Total Instructions   ┃  │
│ │          Public Burn │ False  │          │ │ ┡━━━━━━━━━━━━━━━━━━━━━━┩  │
│ └──────────────────────┴────────┴──────────┘ │ │ 10942                │  │
│                                              │ └──────────────────────┘  │
└──────────────────────────────────────────────┴───────────────────────────┘
INFO:defect_identifier.identifier:	====== Analysis Completed ======
INFO:defect_identifier.identifier:Wrote results to dataset/0x1dfe7Ca09e99d10835Bf73044a23B73Fc20623DF/0x1dfe7Ca09e99d10835Bf73044a23B73Fc20623DF.sol:TemporalLoot.json.
