nohup: 忽略输入
WARNING:root:You are using an untested version of z3. 4.8.13 is the officially tested version
INFO:root:Compiling solidity...
INFO:CryticCompile:Compilation warnings/errors on dataset/Dimension X/0x8918ba30e2e76b503e83d55eb08936b0f979eec4/contracts/import.sol:
Error: Source "@openzeppelin/contracts/proxy/beacon/BeaconProxy.sol" not found: File not found. Searched the following locations: "".
 --> dataset/Dimension X/0x8918ba30e2e76b503e83d55eb08936b0f979eec4/contracts/import.sol:4:1:
  |
4 | import "@openzeppelin/contracts/proxy/beacon/BeaconProxy.sol";
  | ^^^^^^^^^^^^^^^^^^^^^^^^^^^^^^^^^^^^^^^^^^^^^^^^^^^^^^^^^^^^^^

Error: Source "@openzeppelin/contracts/proxy/beacon/UpgradeableBeacon.sol" not found: File not found. Searched the following locations: "".
 --> dataset/Dimension X/0x8918ba30e2e76b503e83d55eb08936b0f979eec4/contracts/import.sol:5:1:
  |
5 | import "@openzeppelin/contracts/proxy/beacon/UpgradeableBeacon.sol";
  | ^^^^^^^^^^^^^^^^^^^^^^^^^^^^^^^^^^^^^^^^^^^^^^^^^^^^^^^^^^^^^^^^^^^^

Error: Source "@openzeppelin/contracts/proxy/ERC1967/ERC1967Proxy.sol" not found: File not found. Searched the following locations: "".
 --> dataset/Dimension X/0x8918ba30e2e76b503e83d55eb08936b0f979eec4/contracts/import.sol:6:1:
  |
6 | import "@openzeppelin/contracts/proxy/ERC1967/ERC1967Proxy.sol";
  | ^^^^^^^^^^^^^^^^^^^^^^^^^^^^^^^^^^^^^^^^^^^^^^^^^^^^^^^^^^^^^^^^

Error: Source "@openzeppelin/contracts/proxy/transparent/TransparentUpgradeableProxy.sol" not found: File not found. Searched the following locations: "".
 --> dataset/Dimension X/0x8918ba30e2e76b503e83d55eb08936b0f979eec4/contracts/import.sol:7:1:
  |
7 | import "@openzeppelin/contracts/proxy/transparent/TransparentUpgradeableProxy.sol";
  | ^^^^^^^^^^^^^^^^^^^^^^^^^^^^^^^^^^^^^^^^^^^^^^^^^^^^^^^^^^^^^^^^^^^^^^^^^^^^^^^^^^^

Error: Source "@openzeppelin/contracts/proxy/transparent/ProxyAdmin.sol" not found: File not found. Searched the following locations: "".
 --> dataset/Dimension X/0x8918ba30e2e76b503e83d55eb08936b0f979eec4/contracts/import.sol:8:1:
  |
8 | import "@openzeppelin/contracts/proxy/transparent/ProxyAdmin.sol";
  | ^^^^^^^^^^^^^^^^^^^^^^^^^^^^^^^^^^^^^^^^^^^^^^^^^^^^^^^^^^^^^^^^^^


CRITICAL:root:Solidity compilation failed. Please use -ce flag to see the detail.
