nohup: 忽略输入
WARNING:root:You are using an untested version of z3. 4.8.13 is the officially tested version
INFO:root:Compiling solidity...
INFO:CryticCompile:Compilation warnings/errors on dataset/Impostors Genesis Aliens/0x3110ef5f612208724ca51f5761a69081809f03b7/contracts/assets/erc721/Impostors.sol:
Error: Source "@openzeppelin/contracts/access/Ownable.sol" not found: File not found. Searched the following locations: "".
 --> dataset/Impostors Genesis Aliens/0x3110ef5f612208724ca51f5761a69081809f03b7/contracts/assets/erc721/Impostors.sol:4:1:
  |
4 | import "@openzeppelin/contracts/access/Ownable.sol";
  | ^^^^^^^^^^^^^^^^^^^^^^^^^^^^^^^^^^^^^^^^^^^^^^^^^^^^

Error: Source "@openzeppelin/contracts/token/ERC721/IERC721.sol" not found: File not found. Searched the following locations: "".
 --> dataset/Impostors Genesis Aliens/0x3110ef5f612208724ca51f5761a69081809f03b7/contracts/assets/erc721/Impostors.sol:5:1:
  |
5 | import '@openzeppelin/contracts/token/ERC721/IERC721.sol';
  | ^^^^^^^^^^^^^^^^^^^^^^^^^^^^^^^^^^^^^^^^^^^^^^^^^^^^^^^^^^

Error: Source "@openzeppelin/contracts/token/ERC721/IERC721Receiver.sol" not found: File not found. Searched the following locations: "".
 --> dataset/Impostors Genesis Aliens/0x3110ef5f612208724ca51f5761a69081809f03b7/contracts/assets/erc721/Impostors.sol:6:1:
  |
6 | import '@openzeppelin/contracts/token/ERC721/IERC721Receiver.sol';
  | ^^^^^^^^^^^^^^^^^^^^^^^^^^^^^^^^^^^^^^^^^^^^^^^^^^^^^^^^^^^^^^^^^^

Error: Source "@openzeppelin/contracts/token/ERC721/extensions/IERC721Metadata.sol" not found: File not found. Searched the following locations: "".
 --> dataset/Impostors Genesis Aliens/0x3110ef5f612208724ca51f5761a69081809f03b7/contracts/assets/erc721/Impostors.sol:7:1:
  |
7 | import '@openzeppelin/contracts/token/ERC721/extensions/IERC721Metadata.sol';
  | ^^^^^^^^^^^^^^^^^^^^^^^^^^^^^^^^^^^^^^^^^^^^^^^^^^^^^^^^^^^^^^^^^^^^^^^^^^^^^

Error: Source "@openzeppelin/contracts/utils/Address.sol" not found: File not found. Searched the following locations: "".
 --> dataset/Impostors Genesis Aliens/0x3110ef5f612208724ca51f5761a69081809f03b7/contracts/assets/erc721/Impostors.sol:8:1:
  |
8 | import '@openzeppelin/contracts/utils/Address.sol';
  | ^^^^^^^^^^^^^^^^^^^^^^^^^^^^^^^^^^^^^^^^^^^^^^^^^^^

Error: Source "@openzeppelin/contracts/utils/Strings.sol" not found: File not found. Searched the following locations: "".
 --> dataset/Impostors Genesis Aliens/0x3110ef5f612208724ca51f5761a69081809f03b7/contracts/assets/erc721/Impostors.sol:9:1:
  |
9 | import '@openzeppelin/contracts/utils/Strings.sol';
  | ^^^^^^^^^^^^^^^^^^^^^^^^^^^^^^^^^^^^^^^^^^^^^^^^^^^

Error: Source "@openzeppelin/contracts/utils/introspection/ERC165.sol" not found: File not found. Searched the following locations: "".
  --> dataset/Impostors Genesis Aliens/0x3110ef5f612208724ca51f5761a69081809f03b7/contracts/assets/erc721/Impostors.sol:10:1:
   |
10 | import '@openzeppelin/contracts/utils/introspection/ERC165.sol';
   | ^^^^^^^^^^^^^^^^^^^^^^^^^^^^^^^^^^^^^^^^^^^^^^^^^^^^^^^^^^^^^^^^


CRITICAL:root:Solidity compilation failed. Please use -ce flag to see the detail.
