nohup: 忽略输入
WARNING:root:You are using an untested version of z3. 4.8.13 is the officially tested version
INFO:root:Compiling solidity...
INFO:CryticCompile:Compilation warnings/errors on dataset/Inhabitants: United Planets/0x7dEB7Bce4d360Ebe68278dee6054b882aa62D19c/contracts/Planets.sol:
Error: Source "@openzeppelin/contracts/utils/cryptography/MerkleProof.sol" not found: File not found. Searched the following locations: "".
 --> dataset/Inhabitants: United Planets/0x7dEB7Bce4d360Ebe68278dee6054b882aa62D19c/contracts/Planets.sol:4:1:
  |
4 | import "@openzeppelin/contracts/utils/cryptography/MerkleProof.sol";
  | ^^^^^^^^^^^^^^^^^^^^^^^^^^^^^^^^^^^^^^^^^^^^^^^^^^^^^^^^^^^^^^^^^^^^

Error: Source "@openzeppelin/contracts/utils/Counters.sol" not found: File not found. Searched the following locations: "".
 --> dataset/Inhabitants: United Planets/0x7dEB7Bce4d360Ebe68278dee6054b882aa62D19c/contracts/Planets.sol:5:1:
  |
5 | import "@openzeppelin/contracts/utils/Counters.sol";
  | ^^^^^^^^^^^^^^^^^^^^^^^^^^^^^^^^^^^^^^^^^^^^^^^^^^^^

Error: Source "@openzeppelin/contracts/token/ERC721/extensions/IERC721Enumerable.sol" not found: File not found. Searched the following locations: "".
 --> dataset/Inhabitants: United Planets/0x7dEB7Bce4d360Ebe68278dee6054b882aa62D19c/contracts/Planets.sol:6:1:
  |
6 | import "@openzeppelin/contracts/token/ERC721/extensions/IERC721Enumerable.sol";
  | ^^^^^^^^^^^^^^^^^^^^^^^^^^^^^^^^^^^^^^^^^^^^^^^^^^^^^^^^^^^^^^^^^^^^^^^^^^^^^^^

Error: Source "@openzeppelin/contracts/access/Ownable.sol" not found: File not found. Searched the following locations: "".
 --> dataset/Inhabitants: United Planets/0x7dEB7Bce4d360Ebe68278dee6054b882aa62D19c/contracts/AbstractERC1155Factory.sol:5:1:
  |
5 | import '@openzeppelin/contracts/access/Ownable.sol';
  | ^^^^^^^^^^^^^^^^^^^^^^^^^^^^^^^^^^^^^^^^^^^^^^^^^^^^

Error: Source "@openzeppelin/contracts/token/ERC1155/extensions/ERC1155Burnable.sol" not found: File not found. Searched the following locations: "".
 --> dataset/Inhabitants: United Planets/0x7dEB7Bce4d360Ebe68278dee6054b882aa62D19c/contracts/AbstractERC1155Factory.sol:6:1:
  |
6 | import '@openzeppelin/contracts/token/ERC1155/extensions/ERC1155Burnable.sol';
  | ^^^^^^^^^^^^^^^^^^^^^^^^^^^^^^^^^^^^^^^^^^^^^^^^^^^^^^^^^^^^^^^^^^^^^^^^^^^^^^

Error: Source "@openzeppelin/contracts/token/ERC1155/extensions/ERC1155Pausable.sol" not found: File not found. Searched the following locations: "".
 --> dataset/Inhabitants: United Planets/0x7dEB7Bce4d360Ebe68278dee6054b882aa62D19c/contracts/AbstractERC1155Factory.sol:7:1:
  |
7 | import '@openzeppelin/contracts/token/ERC1155/extensions/ERC1155Pausable.sol';
  | ^^^^^^^^^^^^^^^^^^^^^^^^^^^^^^^^^^^^^^^^^^^^^^^^^^^^^^^^^^^^^^^^^^^^^^^^^^^^^^

Error: Source "@openzeppelin/contracts/token/ERC1155/extensions/ERC1155Supply.sol" not found: File not found. Searched the following locations: "".
 --> dataset/Inhabitants: United Planets/0x7dEB7Bce4d360Ebe68278dee6054b882aa62D19c/contracts/AbstractERC1155Factory.sol:8:1:
  |
8 | import '@openzeppelin/contracts/token/ERC1155/extensions/ERC1155Supply.sol';
  | ^^^^^^^^^^^^^^^^^^^^^^^^^^^^^^^^^^^^^^^^^^^^^^^^^^^^^^^^^^^^^^^^^^^^^^^^^^^^

Error: Source "@openzeppelin/contracts/utils/Address.sol" not found: File not found. Searched the following locations: "".
 --> dataset/Inhabitants: United Planets/0x7dEB7Bce4d360Ebe68278dee6054b882aa62D19c/contracts/PaymentSplitter.sol:5:1:
  |
5 | import "@openzeppelin/contracts/utils/Address.sol";
  | ^^^^^^^^^^^^^^^^^^^^^^^^^^^^^^^^^^^^^^^^^^^^^^^^^^^

Error: Source "@openzeppelin/contracts/utils/Context.sol" not found: File not found. Searched the following locations: "".
 --> dataset/Inhabitants: United Planets/0x7dEB7Bce4d360Ebe68278dee6054b882aa62D19c/contracts/PaymentSplitter.sol:6:1:
  |
6 | import "@openzeppelin/contracts/utils/Context.sol";
  | ^^^^^^^^^^^^^^^^^^^^^^^^^^^^^^^^^^^^^^^^^^^^^^^^^^^

Error: Source "@openzeppelin/contracts/utils/math/SafeMath.sol" not found: File not found. Searched the following locations: "".
 --> dataset/Inhabitants: United Planets/0x7dEB7Bce4d360Ebe68278dee6054b882aa62D19c/contracts/PaymentSplitter.sol:7:1:
  |
7 | import "@openzeppelin/contracts/utils/math/SafeMath.sol";
  | ^^^^^^^^^^^^^^^^^^^^^^^^^^^^^^^^^^^^^^^^^^^^^^^^^^^^^^^^^


CRITICAL:root:Solidity compilation failed. Please use -ce flag to see the detail.
