nohup: 忽略输入
WARNING:root:You are using an untested version of z3. 4.8.13 is the officially tested version
INFO:root:Compiling solidity...
INFO:CryticCompile:Compilation warnings/errors on dataset/IO: Imaginary Ones/0x716f29b8972d551294d9e02b3eb0fc1107fbf4aa/contracts/IO.sol:
Error: Source "@openzeppelin/contracts/token/ERC721/ERC721.sol" not found: File not found. Searched the following locations: "".
 --> dataset/IO: Imaginary Ones/0x716f29b8972d551294d9e02b3eb0fc1107fbf4aa/contracts/IO.sol:5:1:
  |
5 | import "@openzeppelin/contracts/token/ERC721/ERC721.sol";
  | ^^^^^^^^^^^^^^^^^^^^^^^^^^^^^^^^^^^^^^^^^^^^^^^^^^^^^^^^^

Error: Source "@openzeppelin/contracts/utils/Counters.sol" not found: File not found. Searched the following locations: "".
 --> dataset/IO: Imaginary Ones/0x716f29b8972d551294d9e02b3eb0fc1107fbf4aa/contracts/IO.sol:6:1:
  |
6 | import "@openzeppelin/contracts/utils/Counters.sol";
  | ^^^^^^^^^^^^^^^^^^^^^^^^^^^^^^^^^^^^^^^^^^^^^^^^^^^^

Error: Source "@openzeppelin/contracts/access/Ownable.sol" not found: File not found. Searched the following locations: "".
 --> dataset/IO: Imaginary Ones/0x716f29b8972d551294d9e02b3eb0fc1107fbf4aa/contracts/IO.sol:7:1:
  |
7 | import "@openzeppelin/contracts/access/Ownable.sol";
  | ^^^^^^^^^^^^^^^^^^^^^^^^^^^^^^^^^^^^^^^^^^^^^^^^^^^^

Error: Source "@openzeppelin/contracts/utils/cryptography/MerkleProof.sol" not found: File not found. Searched the following locations: "".
 --> dataset/IO: Imaginary Ones/0x716f29b8972d551294d9e02b3eb0fc1107fbf4aa/contracts/IO.sol:8:1:
  |
8 | import "@openzeppelin/contracts/utils/cryptography/MerkleProof.sol";
  | ^^^^^^^^^^^^^^^^^^^^^^^^^^^^^^^^^^^^^^^^^^^^^^^^^^^^^^^^^^^^^^^^^^^^

Error: Source "@openzeppelin/contracts/utils/cryptography/ECDSA.sol" not found: File not found. Searched the following locations: "".
 --> dataset/IO: Imaginary Ones/0x716f29b8972d551294d9e02b3eb0fc1107fbf4aa/contracts/IO.sol:9:1:
  |
9 | import "@openzeppelin/contracts/utils/cryptography/ECDSA.sol";
  | ^^^^^^^^^^^^^^^^^^^^^^^^^^^^^^^^^^^^^^^^^^^^^^^^^^^^^^^^^^^^^^

Error: Source "@openzeppelin/contracts/security/ReentrancyGuard.sol" not found: File not found. Searched the following locations: "".
  --> dataset/IO: Imaginary Ones/0x716f29b8972d551294d9e02b3eb0fc1107fbf4aa/contracts/IO.sol:10:1:
   |
10 | import "@openzeppelin/contracts/security/ReentrancyGuard.sol";
   | ^^^^^^^^^^^^^^^^^^^^^^^^^^^^^^^^^^^^^^^^^^^^^^^^^^^^^^^^^^^^^^


CRITICAL:root:Solidity compilation failed. Please use -ce flag to see the detail.
