nohup: 忽略输入
WARNING:root:You are using an untested version of z3. 4.8.13 is the officially tested version
INFO:root:Compiling solidity...
INFO:CryticCompile:Compilation warnings/errors on dataset/Nuclear Nerds V2/0x0f78c6eee3c89ff37fd9ef96bd685830993636f2/contracts/NuclearNerds.sol:
Error: Source "@openzeppelin/contracts/utils/cryptography/MerkleProof.sol" not found: File not found. Searched the following locations: "".
  --> dataset/Nuclear Nerds V2/0x0f78c6eee3c89ff37fd9ef96bd685830993636f2/contracts/NuclearNerds.sol:66:1:
   |
66 | import "@openzeppelin/contracts/utils/cryptography/MerkleProof.sol";
   | ^^^^^^^^^^^^^^^^^^^^^^^^^^^^^^^^^^^^^^^^^^^^^^^^^^^^^^^^^^^^^^^^^^^^

Error: Source "@openzeppelin/contracts/access/Ownable.sol" not found: File not found. Searched the following locations: "".
  --> dataset/Nuclear Nerds V2/0x0f78c6eee3c89ff37fd9ef96bd685830993636f2/contracts/NuclearNerds.sol:67:1:
   |
67 | import "@openzeppelin/contracts/access/Ownable.sol";
   | ^^^^^^^^^^^^^^^^^^^^^^^^^^^^^^^^^^^^^^^^^^^^^^^^^^^^

Error: Source "@openzeppelin/contracts/token/ERC721/extensions/IERC721Enumerable.sol" not found: File not found. Searched the following locations: "".
 --> dataset/Nuclear Nerds V2/0x0f78c6eee3c89ff37fd9ef96bd685830993636f2/contracts/ERC721Enumerable.sol:6:1:
  |
6 | import "@openzeppelin/contracts/token/ERC721/extensions/IERC721Enumerable.sol";
  | ^^^^^^^^^^^^^^^^^^^^^^^^^^^^^^^^^^^^^^^^^^^^^^^^^^^^^^^^^^^^^^^^^^^^^^^^^^^^^^^

Error: Source "@openzeppelin/contracts/token/ERC721/IERC721.sol" not found: File not found. Searched the following locations: "".
 --> dataset/Nuclear Nerds V2/0x0f78c6eee3c89ff37fd9ef96bd685830993636f2/contracts/ERC721.sol:5:1:
  |
5 | import "@openzeppelin/contracts/token/ERC721/IERC721.sol";
  | ^^^^^^^^^^^^^^^^^^^^^^^^^^^^^^^^^^^^^^^^^^^^^^^^^^^^^^^^^^

Error: Source "@openzeppelin/contracts/token/ERC721/IERC721Receiver.sol" not found: File not found. Searched the following locations: "".
 --> dataset/Nuclear Nerds V2/0x0f78c6eee3c89ff37fd9ef96bd685830993636f2/contracts/ERC721.sol:6:1:
  |
6 | import "@openzeppelin/contracts/token/ERC721/IERC721Receiver.sol";
  | ^^^^^^^^^^^^^^^^^^^^^^^^^^^^^^^^^^^^^^^^^^^^^^^^^^^^^^^^^^^^^^^^^^

Error: Source "@openzeppelin/contracts/token/ERC721/extensions/IERC721Metadata.sol" not found: File not found. Searched the following locations: "".
 --> dataset/Nuclear Nerds V2/0x0f78c6eee3c89ff37fd9ef96bd685830993636f2/contracts/ERC721.sol:7:1:
  |
7 | import "@openzeppelin/contracts/token/ERC721/extensions/IERC721Metadata.sol";
  | ^^^^^^^^^^^^^^^^^^^^^^^^^^^^^^^^^^^^^^^^^^^^^^^^^^^^^^^^^^^^^^^^^^^^^^^^^^^^^

Error: Source "@openzeppelin/contracts/utils/Context.sol" not found: File not found. Searched the following locations: "".
 --> dataset/Nuclear Nerds V2/0x0f78c6eee3c89ff37fd9ef96bd685830993636f2/contracts/ERC721.sol:8:1:
  |
8 | import "@openzeppelin/contracts/utils/Context.sol";
  | ^^^^^^^^^^^^^^^^^^^^^^^^^^^^^^^^^^^^^^^^^^^^^^^^^^^

Error: Source "@openzeppelin/contracts/utils/Strings.sol" not found: File not found. Searched the following locations: "".
 --> dataset/Nuclear Nerds V2/0x0f78c6eee3c89ff37fd9ef96bd685830993636f2/contracts/ERC721.sol:9:1:
  |
9 | import "@openzeppelin/contracts/utils/Strings.sol";
  | ^^^^^^^^^^^^^^^^^^^^^^^^^^^^^^^^^^^^^^^^^^^^^^^^^^^

Error: Source "@openzeppelin/contracts/utils/introspection/ERC165.sol" not found: File not found. Searched the following locations: "".
  --> dataset/Nuclear Nerds V2/0x0f78c6eee3c89ff37fd9ef96bd685830993636f2/contracts/ERC721.sol:10:1:
   |
10 | import "@openzeppelin/contracts/utils/introspection/ERC165.sol";
   | ^^^^^^^^^^^^^^^^^^^^^^^^^^^^^^^^^^^^^^^^^^^^^^^^^^^^^^^^^^^^^^^^


CRITICAL:root:Solidity compilation failed. Please use -ce flag to see the detail.
