nohup: 忽略输入
WARNING:root:You are using an untested version of z3. 4.8.13 is the officially tested version
INFO:root:Compiling solidity...
INFO:CryticCompile:Compilation warnings/errors on dataset/Party Ape Billionaire Club/0x5df340b5d1618c543ac81837da1c2d2b17b3b5d8/contracts/Billionaire.sol:
Error: Source "@openzeppelin/contracts/token/ERC721/extensions/ERC721Enumerable.sol" not found: File not found. Searched the following locations: "".
 --> dataset/Party Ape Billionaire Club/0x5df340b5d1618c543ac81837da1c2d2b17b3b5d8/contracts/Billionaire.sol:3:1:
  |
3 | import "@openzeppelin/contracts/token/ERC721/extensions/ERC721Enumerable.sol";
  | ^^^^^^^^^^^^^^^^^^^^^^^^^^^^^^^^^^^^^^^^^^^^^^^^^^^^^^^^^^^^^^^^^^^^^^^^^^^^^^

Error: Source "@openzeppelin/contracts/access/Ownable.sol" not found: File not found. Searched the following locations: "".
 --> dataset/Party Ape Billionaire Club/0x5df340b5d1618c543ac81837da1c2d2b17b3b5d8/contracts/Billionaire.sol:4:1:
  |
4 | import "@openzeppelin/contracts/access/Ownable.sol";
  | ^^^^^^^^^^^^^^^^^^^^^^^^^^^^^^^^^^^^^^^^^^^^^^^^^^^^

Error: Source "@openzeppelin/contracts/utils/Counters.sol" not found: File not found. Searched the following locations: "".
 --> dataset/Party Ape Billionaire Club/0x5df340b5d1618c543ac81837da1c2d2b17b3b5d8/contracts/Billionaire.sol:5:1:
  |
5 | import "@openzeppelin/contracts/utils/Counters.sol";
  | ^^^^^^^^^^^^^^^^^^^^^^^^^^^^^^^^^^^^^^^^^^^^^^^^^^^^

Error: Source "@openzeppelin/contracts/finance/PaymentSplitter.sol" not found: File not found. Searched the following locations: "".
 --> dataset/Party Ape Billionaire Club/0x5df340b5d1618c543ac81837da1c2d2b17b3b5d8/contracts/Billionaire.sol:6:1:
  |
6 | import "@openzeppelin/contracts/finance/PaymentSplitter.sol";
  | ^^^^^^^^^^^^^^^^^^^^^^^^^^^^^^^^^^^^^^^^^^^^^^^^^^^^^^^^^^^^^

Error: Source "@openzeppelin/contracts/access/Ownable.sol" not found: File not found. Searched the following locations: "".
 --> dataset/Party Ape Billionaire Club/0x5df340b5d1618c543ac81837da1c2d2b17b3b5d8/contracts/Pausable.sol:4:1:
  |
4 | import "@openzeppelin/contracts/access/Ownable.sol";
  | ^^^^^^^^^^^^^^^^^^^^^^^^^^^^^^^^^^^^^^^^^^^^^^^^^^^^


CRITICAL:root:Solidity compilation failed. Please use -ce flag to see the detail.
