nohup: 忽略输入
WARNING:root:You are using an untested version of z3. 4.8.13 is the officially tested version
INFO:root:Compiling solidity...
INFO:root:contract:dataset/PhantaBear/0x67d9417c9c3c250f61a83c7e8658dac487b56b09/0x67d9417c9c3c250f61a83c7e8658dac487b56b09.sol:AdminUpgradeabilityProxy
INFO:root:contract dataset/PhantaBear/0x67d9417c9c3c250f61a83c7e8658dac487b56b09/0x67d9417c9c3c250f61a83c7e8658dac487b56b09.sol:AdminUpgradeabilityProxy:
INFO:cfg_builder.sym_exec:	============ Results of dataset/PhantaBear/0x67d9417c9c3c250f61a83c7e8658dac487b56b09/0x67d9417c9c3c250f61a83c7e8658dac487b56b09.sol:AdminUpgradeabilityProxy===========
INFO:root:Building CFG...
                            NFTGuard GENESIS v0.0.1                             
┏━━━━━━━━━━━━━━━━━━━━━━━━━━━━━━━━━━━━━━┳━━━━━━━━━━━━━━━━━━━━━━━━━━━━━━━━━━━━━━━┓
┃           Defect Detection           ┃           Execution States            ┃
┡━━━━━━━━━━━━━━━━━━━━━━━━━━━━━━━━━━━━━━╇━━━━━━━━━━━━━━━━━━━━━━━━━━━━━━━━━━━━━━━┩
│ ┏━━━━━━━━━━━━━━━━━━━━━━┳━━━━━┳━━━━━┓ │ ┏━━━━━━━┳━━━━━━━━━━━━━┳━━━━━━━━━━━━━┓ │
│ ┃               Defect ┃ St… ┃ Lo… ┃ │ ┃ Time  ┃ Code Cover… ┃ Block Cove… ┃ │
│ ┡━━━━━━━━━━━━━━━━━━━━━━╇━━━━━╇━━━━━┩ │ ┡━━━━━━━╇━━━━━━━━━━━━━╇━━━━━━━━━━━━━┩ │
│ │  Risky Mutable Proxy │ Fa… │     │ │ │ 7.3   │ 91.0        │ 86.2        │ │
│ │   ERC-721 Reentrancy │ Fa… │     │ │ └───────┴─────────────┴─────────────┘ │
│ │    Unlimited Minting │ Fa… │     │ │ ┏━━━━━━━┳━━━━━━━━┳━━━━━━━━━━━━━━━━━━━ │
│ │ Missing Requirements │ Fa… │     │ │ ┃ PC    ┃ Opcode ┃ Current Function   │
│ │          Public Burn │ Fa… │     │ │ ┡━━━━━━━╇━━━━━━━━╇━━━━━━━━━━━━━━━━━━━ │
│ └──────────────────────┴─────┴─────┘ │ │ 765   │ JUMPD… │ admin              │
│                                      │ └───────┴────────┴─────────────────── │
└──────────────────────────────────────┴───────────────────────────────────────┘                          NFTGuard GENESIS v0.0.1                          
┏━━━━━━━━━━━━━━━━━━━━━━━━━━━━━━━━━━━━━━━━━━━━━━┳━━━━━━━━━━━━━━━━━━━━━━━━━━┓
┃               Defect Detection               ┃     Execution States     ┃
┡━━━━━━━━━━━━━━━━━━━━━━━━━━━━━━━━━━━━━━━━━━━━━━╇━━━━━━━━━━━━━━━━━━━━━━━━━━┩
│ ┏━━━━━━━━━━━━━━━━━━━━━━┳━━━━━━━━┳━━━━━━━━━━┓ │ ┏━━━━━━┳━━━━━━━━━━━━━━━┓ │
│ ┃               Defect ┃ Status ┃ Location ┃ │ ┃ Time ┃ Code Coverage ┃ │
│ ┡━━━━━━━━━━━━━━━━━━━━━━╇━━━━━━━━╇━━━━━━━━━━┩ │ ┡━━━━━━╇━━━━━━━━━━━━━━━┩ │
│ │  Risky Mutable Proxy │ False  │          │ │ │ 7.5  │ 93.5          │ │
│ │   ERC-721 Reentrancy │ False  │          │ │ └──────┴───────────────┘ │
│ │    Unlimited Minting │ False  │          │ │ ┏━━━━━━━━━━━━━━━━━━━━━━┓ │
│ │ Missing Requirements │ False  │          │ │ ┃ Total Instructions   ┃ │
│ │          Public Burn │ False  │          │ │ ┡━━━━━━━━━━━━━━━━━━━━━━┩ │
│ └──────────────────────┴────────┴──────────┘ │ │ 1744                 │ │
│                                              │ └──────────────────────┘ │
└──────────────────────────────────────────────┴──────────────────────────┘
INFO:defect_identifier.identifier:	====== Analysis Completed ======
INFO:defect_identifier.identifier:Wrote results to dataset/PhantaBear/0x67d9417c9c3c250f61a83c7e8658dac487b56b09/0x67d9417c9c3c250f61a83c7e8658dac487b56b09.sol:AdminUpgradeabilityProxy.json.
