nohup: 忽略输入
WARNING:root:You are using an untested version of z3. 4.8.13 is the officially tested version
INFO:root:Compiling solidity...
INFO:CryticCompile:Compilation warnings/errors on dataset/Phunks/0xf07468ead8cf26c752c676e43c814fee9c8cf402/contracts/CryptoPhunksV2.sol:
Error: Source "@openzeppelin/contracts/access/Ownable.sol" not found: File not found. Searched the following locations: "".
 --> dataset/Phunks/0xf07468ead8cf26c752c676e43c814fee9c8cf402/contracts/CryptoPhunksV2.sol:4:1:
  |
4 | import "@openzeppelin/contracts/access/Ownable.sol";
  | ^^^^^^^^^^^^^^^^^^^^^^^^^^^^^^^^^^^^^^^^^^^^^^^^^^^^

Error: Source "@openzeppelin/contracts/security/ReentrancyGuard.sol" not found: File not found. Searched the following locations: "".
 --> dataset/Phunks/0xf07468ead8cf26c752c676e43c814fee9c8cf402/contracts/CryptoPhunksV2.sol:5:1:
  |
5 | import "@openzeppelin/contracts/security/ReentrancyGuard.sol";
  | ^^^^^^^^^^^^^^^^^^^^^^^^^^^^^^^^^^^^^^^^^^^^^^^^^^^^^^^^^^^^^^

Error: Source "@openzeppelin/contracts/token/ERC721/ERC721.sol" not found: File not found. Searched the following locations: "".
 --> dataset/Phunks/0xf07468ead8cf26c752c676e43c814fee9c8cf402/contracts/CryptoPhunksV2.sol:6:1:
  |
6 | import "@openzeppelin/contracts/token/ERC721/ERC721.sol";
  | ^^^^^^^^^^^^^^^^^^^^^^^^^^^^^^^^^^^^^^^^^^^^^^^^^^^^^^^^^

Error: Source "@openzeppelin/contracts/token/ERC721/extensions/ERC721Enumerable.sol" not found: File not found. Searched the following locations: "".
 --> dataset/Phunks/0xf07468ead8cf26c752c676e43c814fee9c8cf402/contracts/CryptoPhunksV2.sol:7:1:
  |
7 | import "@openzeppelin/contracts/token/ERC721/extensions/ERC721Enumerable.sol";
  | ^^^^^^^^^^^^^^^^^^^^^^^^^^^^^^^^^^^^^^^^^^^^^^^^^^^^^^^^^^^^^^^^^^^^^^^^^^^^^^

Error: Source "@openzeppelin/contracts/utils/Counters.sol" not found: File not found. Searched the following locations: "".
 --> dataset/Phunks/0xf07468ead8cf26c752c676e43c814fee9c8cf402/contracts/CryptoPhunksV2.sol:8:1:
  |
8 | import "@openzeppelin/contracts/utils/Counters.sol";
  | ^^^^^^^^^^^^^^^^^^^^^^^^^^^^^^^^^^^^^^^^^^^^^^^^^^^^

Error: Source "@openzeppelin/contracts/utils/Strings.sol" not found: File not found. Searched the following locations: "".
 --> dataset/Phunks/0xf07468ead8cf26c752c676e43c814fee9c8cf402/contracts/CryptoPhunksV2.sol:9:1:
  |
9 | import "@openzeppelin/contracts/utils/Strings.sol";
  | ^^^^^^^^^^^^^^^^^^^^^^^^^^^^^^^^^^^^^^^^^^^^^^^^^^^


CRITICAL:root:Solidity compilation failed. Please use -ce flag to see the detail.
