nohup: 忽略输入
WARNING:root:You are using an untested version of z3. 4.8.13 is the officially tested version
INFO:root:Compiling solidity...
INFO:CryticCompile:Compilation warnings/errors on dataset/VOX Collectibles: Mirandus/0xf76179bb0924ba7da8e7b7fc2779495d7a7939d8/contracts/MirandusVOX.sol:
Warning: SPDX license identifier not provided in source file. Before publishing, consider adding a comment containing "SPDX-License-Identifier: <SPDX-License>" to each source file. Use "SPDX-License-Identifier: UNLICENSED" for non-open-source code. Please see https://spdx.org for more information.
--> dataset/VOX Collectibles: Mirandus/0xf76179bb0924ba7da8e7b7fc2779495d7a7939d8/contracts/MirandusVOX.sol

Error: Source "@openzeppelin/contracts/access/Ownable.sol" not found: File not found. Searched the following locations: "".
 --> dataset/VOX Collectibles: Mirandus/0xf76179bb0924ba7da8e7b7fc2779495d7a7939d8/contracts/MirandusVOX.sol:3:1:
  |
3 | import "@openzeppelin/contracts/access/Ownable.sol";
  | ^^^^^^^^^^^^^^^^^^^^^^^^^^^^^^^^^^^^^^^^^^^^^^^^^^^^

Error: Source "@openzeppelin/contracts/token/ERC721/ERC721.sol" not found: File not found. Searched the following locations: "".
 --> dataset/VOX Collectibles: Mirandus/0xf76179bb0924ba7da8e7b7fc2779495d7a7939d8/contracts/MirandusVOX.sol:4:1:
  |
4 | import "@openzeppelin/contracts/token/ERC721/ERC721.sol";
  | ^^^^^^^^^^^^^^^^^^^^^^^^^^^^^^^^^^^^^^^^^^^^^^^^^^^^^^^^^

Error: Source "@openzeppelin/contracts/token/ERC721/extensions/ERC721Enumerable.sol" not found: File not found. Searched the following locations: "".
 --> dataset/VOX Collectibles: Mirandus/0xf76179bb0924ba7da8e7b7fc2779495d7a7939d8/contracts/MirandusVOX.sol:5:1:
  |
5 | import "@openzeppelin/contracts/token/ERC721/extensions/ERC721Enumerable.sol";
  | ^^^^^^^^^^^^^^^^^^^^^^^^^^^^^^^^^^^^^^^^^^^^^^^^^^^^^^^^^^^^^^^^^^^^^^^^^^^^^^

Error: Source "@openzeppelin/contracts/token/ERC721/extensions/ERC721Burnable.sol" not found: File not found. Searched the following locations: "".
 --> dataset/VOX Collectibles: Mirandus/0xf76179bb0924ba7da8e7b7fc2779495d7a7939d8/contracts/MirandusVOX.sol:6:1:
  |
6 | import "@openzeppelin/contracts/token/ERC721/extensions/ERC721Burnable.sol";
  | ^^^^^^^^^^^^^^^^^^^^^^^^^^^^^^^^^^^^^^^^^^^^^^^^^^^^^^^^^^^^^^^^^^^^^^^^^^^^

Error: Source "@openzeppelin/contracts/token/ERC1155/IERC1155Receiver.sol" not found: File not found. Searched the following locations: "".
 --> dataset/VOX Collectibles: Mirandus/0xf76179bb0924ba7da8e7b7fc2779495d7a7939d8/contracts/MirandusVOX.sol:7:1:
  |
7 | import "@openzeppelin/contracts/token/ERC1155/IERC1155Receiver.sol";
  | ^^^^^^^^^^^^^^^^^^^^^^^^^^^^^^^^^^^^^^^^^^^^^^^^^^^^^^^^^^^^^^^^^^^^

Error: Source "@openzeppelin/contracts/token/ERC1155/utils/ERC1155Holder.sol" not found: File not found. Searched the following locations: "".
 --> dataset/VOX Collectibles: Mirandus/0xf76179bb0924ba7da8e7b7fc2779495d7a7939d8/contracts/MirandusVOX.sol:8:1:
  |
8 | import "@openzeppelin/contracts/token/ERC1155/utils/ERC1155Holder.sol";
  | ^^^^^^^^^^^^^^^^^^^^^^^^^^^^^^^^^^^^^^^^^^^^^^^^^^^^^^^^^^^^^^^^^^^^^^^

Error: Source "@openzeppelin/contracts/token/ERC1155/IERC1155.sol" not found: File not found. Searched the following locations: "".
 --> dataset/VOX Collectibles: Mirandus/0xf76179bb0924ba7da8e7b7fc2779495d7a7939d8/contracts/MirandusVOX.sol:9:1:
  |
9 | import "@openzeppelin/contracts/token/ERC1155/IERC1155.sol";
  | ^^^^^^^^^^^^^^^^^^^^^^^^^^^^^^^^^^^^^^^^^^^^^^^^^^^^^^^^^^^^

Error: Source "@openzeppelin/contracts/utils/Counters.sol" not found: File not found. Searched the following locations: "".
  --> dataset/VOX Collectibles: Mirandus/0xf76179bb0924ba7da8e7b7fc2779495d7a7939d8/contracts/MirandusVOX.sol:10:1:
   |
10 | import "@openzeppelin/contracts/utils/Counters.sol";
   | ^^^^^^^^^^^^^^^^^^^^^^^^^^^^^^^^^^^^^^^^^^^^^^^^^^^^

Error: Source "@openzeppelin/contracts/utils/Address.sol" not found: File not found. Searched the following locations: "".
  --> dataset/VOX Collectibles: Mirandus/0xf76179bb0924ba7da8e7b7fc2779495d7a7939d8/contracts/MirandusVOX.sol:11:1:
   |
11 | import "@openzeppelin/contracts/utils/Address.sol";
   | ^^^^^^^^^^^^^^^^^^^^^^^^^^^^^^^^^^^^^^^^^^^^^^^^^^^

Error: Source "@openzeppelin/contracts/security/ReentrancyGuard.sol" not found: File not found. Searched the following locations: "".
  --> dataset/VOX Collectibles: Mirandus/0xf76179bb0924ba7da8e7b7fc2779495d7a7939d8/contracts/MirandusVOX.sol:12:1:
   |
12 | import "@openzeppelin/contracts/security/ReentrancyGuard.sol";
   | ^^^^^^^^^^^^^^^^^^^^^^^^^^^^^^^^^^^^^^^^^^^^^^^^^^^^^^^^^^^^^^

Error: Source "@openzeppelin/contracts/utils/math/SafeMath.sol" not found: File not found. Searched the following locations: "".
  --> dataset/VOX Collectibles: Mirandus/0xf76179bb0924ba7da8e7b7fc2779495d7a7939d8/contracts/MirandusVOX.sol:13:1:
   |
13 | import "@openzeppelin/contracts/utils/math/SafeMath.sol";
   | ^^^^^^^^^^^^^^^^^^^^^^^^^^^^^^^^^^^^^^^^^^^^^^^^^^^^^^^^^

Error: Source "@chainlink/contracts/src/v0.8/VRFConsumerBase.sol" not found: File not found. Searched the following locations: "".
  --> dataset/VOX Collectibles: Mirandus/0xf76179bb0924ba7da8e7b7fc2779495d7a7939d8/contracts/MirandusVOX.sol:14:1:
   |
14 | import "@chainlink/contracts/src/v0.8/VRFConsumerBase.sol";
   | ^^^^^^^^^^^^^^^^^^^^^^^^^^^^^^^^^^^^^^^^^^^^^^^^^^^^^^^^^^^

Warning: SPDX license identifier not provided in source file. Before publishing, consider adding a comment containing "SPDX-License-Identifier: <SPDX-License>" to each source file. Use "SPDX-License-Identifier: UNLICENSED" for non-open-source code. Please see https://spdx.org for more information.
--> dataset/VOX Collectibles: Mirandus/0xf76179bb0924ba7da8e7b7fc2779495d7a7939d8/contracts/BlackholePrevention.sol

Error: Source "@openzeppelin/contracts/utils/Address.sol" not found: File not found. Searched the following locations: "".
 --> dataset/VOX Collectibles: Mirandus/0xf76179bb0924ba7da8e7b7fc2779495d7a7939d8/contracts/BlackholePrevention.sol:3:1:
  |
3 | import "@openzeppelin/contracts/utils/Address.sol";
  | ^^^^^^^^^^^^^^^^^^^^^^^^^^^^^^^^^^^^^^^^^^^^^^^^^^^

Error: Source "@openzeppelin/contracts/token/ERC20/IERC20.sol" not found: File not found. Searched the following locations: "".
 --> dataset/VOX Collectibles: Mirandus/0xf76179bb0924ba7da8e7b7fc2779495d7a7939d8/contracts/BlackholePrevention.sol:4:1:
  |
4 | import "@openzeppelin/contracts/token/ERC20/IERC20.sol";
  | ^^^^^^^^^^^^^^^^^^^^^^^^^^^^^^^^^^^^^^^^^^^^^^^^^^^^^^^^

Error: Source "@openzeppelin/contracts/token/ERC20/utils/SafeERC20.sol" not found: File not found. Searched the following locations: "".
 --> dataset/VOX Collectibles: Mirandus/0xf76179bb0924ba7da8e7b7fc2779495d7a7939d8/contracts/BlackholePrevention.sol:5:1:
  |
5 | import "@openzeppelin/contracts/token/ERC20/utils/SafeERC20.sol"; // for WETH
  | ^^^^^^^^^^^^^^^^^^^^^^^^^^^^^^^^^^^^^^^^^^^^^^^^^^^^^^^^^^^^^^^^^

Error: Source "@openzeppelin/contracts/token/ERC721/IERC721.sol" not found: File not found. Searched the following locations: "".
 --> dataset/VOX Collectibles: Mirandus/0xf76179bb0924ba7da8e7b7fc2779495d7a7939d8/contracts/BlackholePrevention.sol:6:1:
  |
6 | import "@openzeppelin/contracts/token/ERC721/IERC721.sol";
  | ^^^^^^^^^^^^^^^^^^^^^^^^^^^^^^^^^^^^^^^^^^^^^^^^^^^^^^^^^^

Error: Source "@openzeppelin/contracts/token/ERC1155/IERC1155.sol" not found: File not found. Searched the following locations: "".
 --> dataset/VOX Collectibles: Mirandus/0xf76179bb0924ba7da8e7b7fc2779495d7a7939d8/contracts/BlackholePrevention.sol:7:1:
  |
7 | import "@openzeppelin/contracts/token/ERC1155/IERC1155.sol";
  | ^^^^^^^^^^^^^^^^^^^^^^^^^^^^^^^^^^^^^^^^^^^^^^^^^^^^^^^^^^^^


CRITICAL:root:Solidity compilation failed. Please use -ce flag to see the detail.
