nohup: 忽略输入
WARNING:root:You are using an untested version of z3. 4.8.13 is the officially tested version
INFO:root:Compiling solidity...
INFO:CryticCompile:Compilation warnings/errors on dataset/Wrapped PixelMap/0x050dc61dfb867e0fe3cf2948362b6c0f3faf790b/contracts/pixelmapwrapper.sol:
Warning: SPDX license identifier not provided in source file. Before publishing, consider adding a comment containing "SPDX-License-Identifier: <SPDX-License>" to each source file. Use "SPDX-License-Identifier: UNLICENSED" for non-open-source code. Please see https://spdx.org for more information.
--> dataset/Wrapped PixelMap/0x050dc61dfb867e0fe3cf2948362b6c0f3faf790b/contracts/pixelmapwrapper.sol

Error: Source "@openzeppelin/contracts/utils/introspection/IERC165.sol" not found: File not found. Searched the following locations: "".
 --> dataset/Wrapped PixelMap/0x050dc61dfb867e0fe3cf2948362b6c0f3faf790b/contracts/pixelmapwrapper.sol:2:1:
  |
2 | import "@openzeppelin/contracts/utils/introspection/IERC165.sol";
  | ^^^^^^^^^^^^^^^^^^^^^^^^^^^^^^^^^^^^^^^^^^^^^^^^^^^^^^^^^^^^^^^^^

Error: Source "@openzeppelin/contracts/token/ERC721/IERC721.sol" not found: File not found. Searched the following locations: "".
 --> dataset/Wrapped PixelMap/0x050dc61dfb867e0fe3cf2948362b6c0f3faf790b/contracts/pixelmapwrapper.sol:3:1:
  |
3 | import "@openzeppelin/contracts/token/ERC721/IERC721.sol";
  | ^^^^^^^^^^^^^^^^^^^^^^^^^^^^^^^^^^^^^^^^^^^^^^^^^^^^^^^^^^

Error: Source "@openzeppelin/contracts/token/ERC721/extensions/IERC721Enumerable.sol" not found: File not found. Searched the following locations: "".
 --> dataset/Wrapped PixelMap/0x050dc61dfb867e0fe3cf2948362b6c0f3faf790b/contracts/pixelmapwrapper.sol:4:1:
  |
4 | import "@openzeppelin/contracts/token/ERC721/extensions/IERC721Enumerable.sol";
  | ^^^^^^^^^^^^^^^^^^^^^^^^^^^^^^^^^^^^^^^^^^^^^^^^^^^^^^^^^^^^^^^^^^^^^^^^^^^^^^^

Error: Source "@openzeppelin/contracts/token/ERC721/extensions/IERC721Metadata.sol" not found: File not found. Searched the following locations: "".
 --> dataset/Wrapped PixelMap/0x050dc61dfb867e0fe3cf2948362b6c0f3faf790b/contracts/pixelmapwrapper.sol:5:1:
  |
5 | import "@openzeppelin/contracts/token/ERC721/extensions/IERC721Metadata.sol";
  | ^^^^^^^^^^^^^^^^^^^^^^^^^^^^^^^^^^^^^^^^^^^^^^^^^^^^^^^^^^^^^^^^^^^^^^^^^^^^^

Error: Source "@openzeppelin/contracts/utils/Address.sol" not found: File not found. Searched the following locations: "".
 --> dataset/Wrapped PixelMap/0x050dc61dfb867e0fe3cf2948362b6c0f3faf790b/contracts/pixelmapwrapper.sol:6:1:
  |
6 | import "@openzeppelin/contracts/utils/Address.sol";
  | ^^^^^^^^^^^^^^^^^^^^^^^^^^^^^^^^^^^^^^^^^^^^^^^^^^^

Error: Source "@openzeppelin/contracts/utils/Context.sol" not found: File not found. Searched the following locations: "".
 --> dataset/Wrapped PixelMap/0x050dc61dfb867e0fe3cf2948362b6c0f3faf790b/contracts/pixelmapwrapper.sol:7:1:
  |
7 | import "@openzeppelin/contracts/utils/Context.sol";
  | ^^^^^^^^^^^^^^^^^^^^^^^^^^^^^^^^^^^^^^^^^^^^^^^^^^^

Error: Source "@openzeppelin/contracts/utils/Strings.sol" not found: File not found. Searched the following locations: "".
 --> dataset/Wrapped PixelMap/0x050dc61dfb867e0fe3cf2948362b6c0f3faf790b/contracts/pixelmapwrapper.sol:8:1:
  |
8 | import "@openzeppelin/contracts/utils/Strings.sol";
  | ^^^^^^^^^^^^^^^^^^^^^^^^^^^^^^^^^^^^^^^^^^^^^^^^^^^

Error: Source "@openzeppelin/contracts/token/ERC721/ERC721.sol" not found: File not found. Searched the following locations: "".
 --> dataset/Wrapped PixelMap/0x050dc61dfb867e0fe3cf2948362b6c0f3faf790b/contracts/pixelmapwrapper.sol:9:1:
  |
9 | import "@openzeppelin/contracts/token/ERC721/ERC721.sol";
  | ^^^^^^^^^^^^^^^^^^^^^^^^^^^^^^^^^^^^^^^^^^^^^^^^^^^^^^^^^

Error: Source "@openzeppelin/contracts/access/Ownable.sol" not found: File not found. Searched the following locations: "".
  --> dataset/Wrapped PixelMap/0x050dc61dfb867e0fe3cf2948362b6c0f3faf790b/contracts/pixelmapwrapper.sol:10:1:
   |
10 | import "@openzeppelin/contracts/access/Ownable.sol";
   | ^^^^^^^^^^^^^^^^^^^^^^^^^^^^^^^^^^^^^^^^^^^^^^^^^^^^


CRITICAL:root:Solidity compilation failed. Please use -ce flag to see the detail.
