nohup: 忽略输入
WARNING:root:You are using an untested version of z3. 4.8.13 is the officially tested version
INFO:root:Compiling solidity...
INFO:CryticCompile:Compilation warnings/errors on dataset/Zipcy SuperNormal/0xd532b88607b1877fe20c181cba2550e3bbd6b31c/contracts/SuperNormal.sol:
Error: Source "@openzeppelin/contracts/access/Ownable.sol" not found: File not found. Searched the following locations: "".
 --> dataset/Zipcy SuperNormal/0xd532b88607b1877fe20c181cba2550e3bbd6b31c/contracts/SuperNormal.sol:8:1:
  |
8 | import '@openzeppelin/contracts/access/Ownable.sol';
  | ^^^^^^^^^^^^^^^^^^^^^^^^^^^^^^^^^^^^^^^^^^^^^^^^^^^^

Error: Source "@openzeppelin/contracts/utils/cryptography/MerkleProof.sol" not found: File not found. Searched the following locations: "".
 --> dataset/Zipcy SuperNormal/0xd532b88607b1877fe20c181cba2550e3bbd6b31c/contracts/SuperNormal.sol:9:1:
  |
9 | import '@openzeppelin/contracts/utils/cryptography/MerkleProof.sol';
  | ^^^^^^^^^^^^^^^^^^^^^^^^^^^^^^^^^^^^^^^^^^^^^^^^^^^^^^^^^^^^^^^^^^^^

Error: Source "@openzeppelin/contracts/token/ERC721/extensions/IERC721Enumerable.sol" not found: File not found. Searched the following locations: "".
 --> dataset/Zipcy SuperNormal/0xd532b88607b1877fe20c181cba2550e3bbd6b31c/contracts/ERC721Enumerable.sol:5:1:
  |
5 | import "@openzeppelin/contracts/token/ERC721/extensions/IERC721Enumerable.sol";
  | ^^^^^^^^^^^^^^^^^^^^^^^^^^^^^^^^^^^^^^^^^^^^^^^^^^^^^^^^^^^^^^^^^^^^^^^^^^^^^^^

Error: Source "@openzeppelin/contracts/utils/Address.sol" not found: File not found. Searched the following locations: "".
 --> dataset/Zipcy SuperNormal/0xd532b88607b1877fe20c181cba2550e3bbd6b31c/contracts/ERC721.sol:5:1:
  |
5 | import "@openzeppelin/contracts/utils/Address.sol";
  | ^^^^^^^^^^^^^^^^^^^^^^^^^^^^^^^^^^^^^^^^^^^^^^^^^^^

Error: Source "@openzeppelin/contracts/utils/Context.sol" not found: File not found. Searched the following locations: "".
 --> dataset/Zipcy SuperNormal/0xd532b88607b1877fe20c181cba2550e3bbd6b31c/contracts/ERC721.sol:6:1:
  |
6 | import "@openzeppelin/contracts/utils/Context.sol";
  | ^^^^^^^^^^^^^^^^^^^^^^^^^^^^^^^^^^^^^^^^^^^^^^^^^^^

Error: Source "@openzeppelin/contracts/utils/Strings.sol" not found: File not found. Searched the following locations: "".
 --> dataset/Zipcy SuperNormal/0xd532b88607b1877fe20c181cba2550e3bbd6b31c/contracts/ERC721.sol:7:1:
  |
7 | import "@openzeppelin/contracts/utils/Strings.sol";
  | ^^^^^^^^^^^^^^^^^^^^^^^^^^^^^^^^^^^^^^^^^^^^^^^^^^^

Error: Source "@openzeppelin/contracts/utils/introspection/ERC165.sol" not found: File not found. Searched the following locations: "".
 --> dataset/Zipcy SuperNormal/0xd532b88607b1877fe20c181cba2550e3bbd6b31c/contracts/ERC721.sol:8:1:
  |
8 | import "@openzeppelin/contracts/utils/introspection/ERC165.sol";
  | ^^^^^^^^^^^^^^^^^^^^^^^^^^^^^^^^^^^^^^^^^^^^^^^^^^^^^^^^^^^^^^^^

Error: Source "@openzeppelin/contracts/token/ERC721/IERC721.sol" not found: File not found. Searched the following locations: "".
 --> dataset/Zipcy SuperNormal/0xd532b88607b1877fe20c181cba2550e3bbd6b31c/contracts/ERC721.sol:9:1:
  |
9 | import "@openzeppelin/contracts/token/ERC721/IERC721.sol";
  | ^^^^^^^^^^^^^^^^^^^^^^^^^^^^^^^^^^^^^^^^^^^^^^^^^^^^^^^^^^

Error: Source "@openzeppelin/contracts/token/ERC721/IERC721Receiver.sol" not found: File not found. Searched the following locations: "".
  --> dataset/Zipcy SuperNormal/0xd532b88607b1877fe20c181cba2550e3bbd6b31c/contracts/ERC721.sol:10:1:
   |
10 | import "@openzeppelin/contracts/token/ERC721/IERC721Receiver.sol";
   | ^^^^^^^^^^^^^^^^^^^^^^^^^^^^^^^^^^^^^^^^^^^^^^^^^^^^^^^^^^^^^^^^^^

Error: Source "@openzeppelin/contracts/token/ERC721/extensions/IERC721Metadata.sol" not found: File not found. Searched the following locations: "".
  --> dataset/Zipcy SuperNormal/0xd532b88607b1877fe20c181cba2550e3bbd6b31c/contracts/ERC721.sol:11:1:
   |
11 | import "@openzeppelin/contracts/token/ERC721/extensions/IERC721Metadata.sol";
   | ^^^^^^^^^^^^^^^^^^^^^^^^^^^^^^^^^^^^^^^^^^^^^^^^^^^^^^^^^^^^^^^^^^^^^^^^^^^^^


CRITICAL:root:Solidity compilation failed. Please use -ce flag to see the detail.
