nohup: 忽略输入
WARNING:root:You are using an untested version of z3. 4.8.13 is the officially tested version
INFO:root:Compiling solidity...
INFO:CryticCompile:Compilation warnings/errors on dataset/Capsule House/0xfcb1315c4273954f74cb16d5b663dbf479eec62e/contracts/Capsule.sol:
Error: Source "@openzeppelin/contracts/token/ERC721/ERC721.sol" not found: File not found. Searched the following locations: "".
 --> dataset/Capsule House/0xfcb1315c4273954f74cb16d5b663dbf479eec62e/contracts/Capsule.sol:4:1:
  |
4 | import "@openzeppelin/contracts/token/ERC721/ERC721.sol";
  | ^^^^^^^^^^^^^^^^^^^^^^^^^^^^^^^^^^^^^^^^^^^^^^^^^^^^^^^^^

Error: Source "@openzeppelin/contracts/token/ERC721/extensions/ERC721URIStorage.sol" not found: File not found. Searched the following locations: "".
 --> dataset/Capsule House/0xfcb1315c4273954f74cb16d5b663dbf479eec62e/contracts/Capsule.sol:5:1:
  |
5 | import "@openzeppelin/contracts/token/ERC721/extensions/ERC721URIStorage.sol";
  | ^^^^^^^^^^^^^^^^^^^^^^^^^^^^^^^^^^^^^^^^^^^^^^^^^^^^^^^^^^^^^^^^^^^^^^^^^^^^^^

Error: Source "@openzeppelin/contracts/access/Ownable.sol" not found: File not found. Searched the following locations: "".
 --> dataset/Capsule House/0xfcb1315c4273954f74cb16d5b663dbf479eec62e/contracts/Capsule.sol:6:1:
  |
6 | import "@openzeppelin/contracts/access/Ownable.sol";
  | ^^^^^^^^^^^^^^^^^^^^^^^^^^^^^^^^^^^^^^^^^^^^^^^^^^^^

Error: Source "@openzeppelin/contracts/token/ERC721/extensions/ERC721Burnable.sol" not found: File not found. Searched the following locations: "".
 --> dataset/Capsule House/0xfcb1315c4273954f74cb16d5b663dbf479eec62e/contracts/Capsule.sol:7:1:
  |
7 | import "@openzeppelin/contracts/token/ERC721/extensions/ERC721Burnable.sol";
  | ^^^^^^^^^^^^^^^^^^^^^^^^^^^^^^^^^^^^^^^^^^^^^^^^^^^^^^^^^^^^^^^^^^^^^^^^^^^^

Error: Source "@openzeppelin/contracts/utils/Counters.sol" not found: File not found. Searched the following locations: "".
 --> dataset/Capsule House/0xfcb1315c4273954f74cb16d5b663dbf479eec62e/contracts/Capsule.sol:8:1:
  |
8 | import "@openzeppelin/contracts/utils/Counters.sol";
  | ^^^^^^^^^^^^^^^^^^^^^^^^^^^^^^^^^^^^^^^^^^^^^^^^^^^^

Error: Source "@openzeppelin/contracts/utils/cryptography/ECDSA.sol" not found: File not found. Searched the following locations: "".
 --> dataset/Capsule House/0xfcb1315c4273954f74cb16d5b663dbf479eec62e/contracts/Capsule.sol:9:1:
  |
9 | import "@openzeppelin/contracts/utils/cryptography/ECDSA.sol";
  | ^^^^^^^^^^^^^^^^^^^^^^^^^^^^^^^^^^^^^^^^^^^^^^^^^^^^^^^^^^^^^^

Error: Source "@openzeppelin/contracts/finance/PaymentSplitter.sol" not found: File not found. Searched the following locations: "".
  --> dataset/Capsule House/0xfcb1315c4273954f74cb16d5b663dbf479eec62e/contracts/Capsule.sol:10:1:
   |
10 | import "@openzeppelin/contracts/finance/PaymentSplitter.sol";
   | ^^^^^^^^^^^^^^^^^^^^^^^^^^^^^^^^^^^^^^^^^^^^^^^^^^^^^^^^^^^^^

Error: Source "@openzeppelin/contracts/utils/Strings.sol" not found: File not found. Searched the following locations: "".
  --> dataset/Capsule House/0xfcb1315c4273954f74cb16d5b663dbf479eec62e/contracts/Capsule.sol:11:1:
   |
11 | import '@openzeppelin/contracts/utils/Strings.sol';
   | ^^^^^^^^^^^^^^^^^^^^^^^^^^^^^^^^^^^^^^^^^^^^^^^^^^^

Error: Source "hardhat/console.sol" not found: File not found. Searched the following locations: "".
  --> dataset/Capsule House/0xfcb1315c4273954f74cb16d5b663dbf479eec62e/contracts/Capsule.sol:12:1:
   |
12 | import "hardhat/console.sol";
   | ^^^^^^^^^^^^^^^^^^^^^^^^^^^^^


CRITICAL:root:Solidity compilation failed. Please use -ce flag to see the detail.
