nohup: 忽略输入
WARNING:root:You are using an untested version of z3. 4.8.13 is the officially tested version
INFO:root:Compiling solidity...
INFO:CryticCompile:Compilation warnings/errors on dataset/Cool Pets NFT/0x86c10d10eca1fca9daf87a279abccabe0063f247/contracts/ethereum/pets/CoolPets.sol:
Error: Source "@openzeppelin/contracts/token/ERC721/ERC721.sol" not found: File not found. Searched the following locations: "".
 --> dataset/Cool Pets NFT/0x86c10d10eca1fca9daf87a279abccabe0063f247/contracts/ethereum/pets/CoolPets.sol:4:1:
  |
4 | import "@openzeppelin/contracts/token/ERC721/ERC721.sol";
  | ^^^^^^^^^^^^^^^^^^^^^^^^^^^^^^^^^^^^^^^^^^^^^^^^^^^^^^^^^

Error: Source "@openzeppelin/contracts/utils/cryptography/ECDSA.sol" not found: File not found. Searched the following locations: "".
 --> dataset/Cool Pets NFT/0x86c10d10eca1fca9daf87a279abccabe0063f247/contracts/ethereum/pets/CoolPets.sol:5:1:
  |
5 | import "@openzeppelin/contracts/utils/cryptography/ECDSA.sol";
  | ^^^^^^^^^^^^^^^^^^^^^^^^^^^^^^^^^^^^^^^^^^^^^^^^^^^^^^^^^^^^^^

Error: Source "@openzeppelin/contracts/access/Ownable.sol" not found: File not found. Searched the following locations: "".
 --> dataset/Cool Pets NFT/0x86c10d10eca1fca9daf87a279abccabe0063f247/contracts/ethereum/pets/CoolPets.sol:6:1:
  |
6 | import "@openzeppelin/contracts/access/Ownable.sol";
  | ^^^^^^^^^^^^^^^^^^^^^^^^^^^^^^^^^^^^^^^^^^^^^^^^^^^^

Error: Source "@openzeppelin/contracts/utils/cryptography/MerkleProof.sol" not found: File not found. Searched the following locations: "".
 --> dataset/Cool Pets NFT/0x86c10d10eca1fca9daf87a279abccabe0063f247/contracts/ethereum/pets/CoolPets.sol:7:1:
  |
7 | import "@openzeppelin/contracts/utils/cryptography/MerkleProof.sol";
  | ^^^^^^^^^^^^^^^^^^^^^^^^^^^^^^^^^^^^^^^^^^^^^^^^^^^^^^^^^^^^^^^^^^^^


CRITICAL:root:Solidity compilation failed. Please use -ce flag to see the detail.
