nohup: 忽略输入
WARNING:root:You are using an untested version of z3. 4.8.13 is the officially tested version
INFO:root:Compiling solidity...
INFO:CryticCompile:Compilation warnings/errors on dataset/Crypto.Chicks/0x1981cc36b59cffdd24b01cc5d698daa75e367e04/contracts/CryptoChicks.sol:
Error: Source "@openzeppelin/contracts/token/ERC721/ERC721.sol" not found: File not found. Searched the following locations: "".
 --> dataset/Crypto.Chicks/0x1981cc36b59cffdd24b01cc5d698daa75e367e04/contracts/CryptoChicks.sol:4:1:
  |
4 | import "@openzeppelin/contracts/token/ERC721/ERC721.sol";
  | ^^^^^^^^^^^^^^^^^^^^^^^^^^^^^^^^^^^^^^^^^^^^^^^^^^^^^^^^^

Error: Source "@openzeppelin/contracts/token/ERC721/extensions/ERC721Enumerable.sol" not found: File not found. Searched the following locations: "".
 --> dataset/Crypto.Chicks/0x1981cc36b59cffdd24b01cc5d698daa75e367e04/contracts/CryptoChicks.sol:5:1:
  |
5 | import "@openzeppelin/contracts/token/ERC721/extensions/ERC721Enumerable.sol";
  | ^^^^^^^^^^^^^^^^^^^^^^^^^^^^^^^^^^^^^^^^^^^^^^^^^^^^^^^^^^^^^^^^^^^^^^^^^^^^^^

Error: Source "@openzeppelin/contracts/access/Ownable.sol" not found: File not found. Searched the following locations: "".
 --> dataset/Crypto.Chicks/0x1981cc36b59cffdd24b01cc5d698daa75e367e04/contracts/CryptoChicks.sol:6:1:
  |
6 | import "@openzeppelin/contracts/access/Ownable.sol";
  | ^^^^^^^^^^^^^^^^^^^^^^^^^^^^^^^^^^^^^^^^^^^^^^^^^^^^

Error: Source "@openzeppelin/contracts/utils/math/SafeMath.sol" not found: File not found. Searched the following locations: "".
 --> dataset/Crypto.Chicks/0x1981cc36b59cffdd24b01cc5d698daa75e367e04/contracts/CryptoChicks.sol:7:1:
  |
7 | import "@openzeppelin/contracts/utils/math/SafeMath.sol";
  | ^^^^^^^^^^^^^^^^^^^^^^^^^^^^^^^^^^^^^^^^^^^^^^^^^^^^^^^^^

Error: Source "@openzeppelin/contracts/utils/Counters.sol" not found: File not found. Searched the following locations: "".
 --> dataset/Crypto.Chicks/0x1981cc36b59cffdd24b01cc5d698daa75e367e04/contracts/CryptoChicks.sol:8:1:
  |
8 | import "@openzeppelin/contracts/utils/Counters.sol";
  | ^^^^^^^^^^^^^^^^^^^^^^^^^^^^^^^^^^^^^^^^^^^^^^^^^^^^


CRITICAL:root:Solidity compilation failed. Please use -ce flag to see the detail.
